e:\coding\dx12book\solution_mycode\01_firstdx12app\debug\vc143.pdb
e:\coding\dx12book\solution_mycode\01_firstdx12app\debug\vc143.idb
e:\coding\dx12book\solution_mycode\01_firstdx12app\debug\boxapp.obj
e:\coding\dx12book\solution_mycode\01_firstdx12app\debug\mathhelper.obj
e:\coding\dx12book\solution_mycode\01_firstdx12app\debug\geometrygenerator.obj
e:\coding\dx12book\solution_mycode\01_firstdx12app\debug\gametimer.obj
e:\coding\dx12book\solution_mycode\01_firstdx12app\debug\ddstextureloader.obj
e:\coding\dx12book\solution_mycode\01_firstdx12app\debug\d3dutil.obj
e:\coding\dx12book\solution_mycode\01_firstdx12app\debug\d3dapp.obj
e:\coding\dx12book\solution_mycode\01_firstdx12app\debug\camera.obj
e:\coding\dx12book\solution_mycode\01_firstdx12app\debug\vc141.pdb
e:\coding\dx12book\solution_mycode\01_firstdx12app\debug\vc141.idb
e:\coding\dx12book\solution_mycode\01_firstdx12app\debug\01_firstdx12app.ilk
e:\coding\dx12book\solution_mycode\debug\01_firstdx12app.exe
e:\coding\dx12book\solution_mycode\debug\01_firstdx12app.pdb
e:\coding\dx12book\solution_mycode\debug\01_firstdx12app.ilk
e:\coding\dx12book\solution_mycode\01_firstdx12app\debug\01_firstdx12app.tlog\cl.command.1.tlog
e:\coding\dx12book\solution_mycode\01_firstdx12app\debug\01_firstdx12app.tlog\cl.read.1.tlog
e:\coding\dx12book\solution_mycode\01_firstdx12app\debug\01_firstdx12app.tlog\cl.write.1.tlog
e:\coding\dx12book\solution_mycode\01_firstdx12app\debug\01_firstdx12app.tlog\link.command.1.tlog
e:\coding\dx12book\solution_mycode\01_firstdx12app\debug\01_firstdx12app.tlog\link.delete.1.tlog
e:\coding\dx12book\solution_mycode\01_firstdx12app\debug\01_firstdx12app.tlog\link.read.1.tlog
e:\coding\dx12book\solution_mycode\01_firstdx12app\debug\01_firstdx12app.tlog\link.write.1.tlog
